<?xml version="1.0" encoding="UTF-8"?>
<testng-results ignored="0" total="1" passed="1" failed="0" skipped="0">
  <reporter-output>
  </reporter-output>
  <suite started-at="2018-10-14T06:00:22Z" name="Default suite" finished-at="2018-10-14T06:00:56Z" duration-ms="33695">
    <groups>
    </groups>
    <test started-at="2018-10-14T06:00:22Z" name="Default test" finished-at="2018-10-14T06:00:56Z" duration-ms="33695">
      <class name="test.LoginTest">
        <test-method is-config="true" signature="PreCondition()[pri:0, instance:test.LoginTest@37271612]" started-at="2018-10-14T06:00:22Z" name="PreCondition" finished-at="2018-10-14T06:00:51Z" duration-ms="29181" status="PASS">
          <reporter-output>
          </reporter-output>
        </test-method> <!-- PreCondition -->
        <test-method signature="test_Home_Page_Appear_Correct()[pri:0, instance:test.LoginTest@37271612]" started-at="2018-10-14T06:00:51Z" name="test_Home_Page_Appear_Correct" finished-at="2018-10-14T06:00:54Z" duration-ms="3342" status="PASS">
          <reporter-output>
          </reporter-output>
        </test-method> <!-- test_Home_Page_Appear_Correct -->
        <test-method is-config="true" signature="PostCondition()[pri:0, instance:test.LoginTest@37271612]" started-at="2018-10-14T06:00:54Z" name="PostCondition" finished-at="2018-10-14T06:00:56Z" duration-ms="1121" status="PASS">
          <reporter-output>
          </reporter-output>
        </test-method> <!-- PostCondition -->
      </class> <!-- test.LoginTest -->
    </test> <!-- Default test -->
  </suite> <!-- Default suite -->
</testng-results>
