<?xml version="1.0" encoding="UTF-8"?>
<testng-results skipped="0" failed="0" ignored="0" total="1" passed="1">
  <reporter-output>
  </reporter-output>
  <suite name="Default suite" duration-ms="32882" started-at="2019-05-05T10:41:55Z" finished-at="2019-05-05T10:42:27Z">
    <groups>
    </groups>
    <test name="Default test" duration-ms="32882" started-at="2019-05-05T10:41:55Z" finished-at="2019-05-05T10:42:27Z">
      <class name="TestCases.LoginTest">
        <test-method status="PASS" signature="test()[pri:0, instance:TestCases.LoginTest@55f3ddb1]" name="test" duration-ms="32838" started-at="2019-05-05T10:41:55Z" finished-at="2019-05-05T10:42:27Z">
          <reporter-output>
          </reporter-output>
        </test-method> <!-- test -->
      </class> <!-- TestCases.LoginTest -->
    </test> <!-- Default test -->
  </suite> <!-- Default suite -->
</testng-results>
